<?xml version="1.0" encoding="UTF-8"?>
<!-- Generated by org.testng.reporters.JUnitReportReporter -->
<testsuite hostname="NaNeNu.local" name="htmlUnitDriverDemo.WordpressLogin" tests="1" failures="0" timestamp="9 Jun 2016 14:10:40 GMT" time="1.880" errors="0">
  <testcase name="getTilte" time="1.880" classname="htmlUnitDriverDemo.WordpressLogin"/>
</testsuite> <!-- htmlUnitDriverDemo.WordpressLogin -->
