<?xml version="1.0" encoding="UTF-8"?>
<!-- Generated by org.testng.reporters.JUnitReportReporter -->
<testsuite hostname="NaNeNu.local" name="com.test.PhantomJS.PhantomJSDriverDemo" tests="1" failures="0" timestamp="26 Jun 2016 17:43:16 GMT" time="5.410" errors="0">
  <testcase name="getLoginScreenshot" time="5.410" classname="com.test.PhantomJS.PhantomJSDriverDemo"/>
</testsuite> <!-- com.test.PhantomJS.PhantomJSDriverDemo -->
